# JRE version: Java(TM) SE Runtime Environment (8.0_91-b14) (build 1.8.0_91-b14)
# Java VM: Java HotSpot(TM) 64-Bit Server VM (25.91-b14 mixed mode linux-amd64 compressed oops)
Heap:
 PSYoungGen      total 16896K, used 1438K [0x00000000ed980000, 0x00000000eec00000, 0x0000000100000000)
  eden space 14848K, 9% used [0x00000000ed980000,0x00000000edae7a48,0x00000000ee800000)
  from space 2048K, 0% used [0x00000000eea00000,0x00000000eea00000,0x00000000eec00000)
  to   space 2048K, 0% used [0x00000000ee800000,0x00000000ee800000,0x00000000eea00000)
 ParOldGen       total 38400K, used 12283K [0x00000000c8c00000, 0x00000000cb180000, 0x00000000ed980000)
  object space 38400K, 31% used [0x00000000c8c00000,0x00000000c97fedd8,0x00000000cb180000)
 Metaspace       used 4678K, capacity 5054K, committed 5248K, reserved 1056768K
  class space    used 544K, capacity 561K, committed 640K, reserved 1048576K
GC Heap History (10 events):
Event: 4.951 GC heap before
{Heap before GC invocations=7 (full 3):
 PSYoungGen      total 16896K, used 0K [0x00000000ed980000, 0x00000000eec00000, 0x0000000100000000)
  eden space 14848K, 0% used [0x00000000ed980000,0x00000000ed980000,0x00000000ee800000)
  from space 2048K, 0% used [0x00000000eea00000,0x00000000eea00000,0x00000000eec00000)
  to   space 2048K, 0% used [0x00000000ee800000,0x00000000ee800000,0x00000000eea00000)
 ParOldGen       total 38400K, used 12283K [0x00000000c8c00000, 0x00000000cb180000, 0x00000000ed980000)
  object space 38400K, 31% used [0x00000000c8c00000,0x00000000c97fedd8,0x00000000cb180000)
 Metaspace       used 4643K, capacity 4990K, committed 5248K, reserved 1056768K
  class space    used 542K, capacity 561K, committed 640K, reserved 1048576K
Event: 4.981 GC heap after
Heap after GC invocations=7 (full 3):
 PSYoungGen      total 16896K, used 0K [0x00000000ed980000, 0x00000000eec00000, 0x0000000100000000)
  eden space 14848K, 0% used [0x00000000ed980000,0x00000000ed980000,0x00000000ee800000)
  from space 2048K, 0% used [0x00000000eea00000,0x00000000eea00000,0x00000000eec00000)
  to   space 2048K, 0% used [0x00000000ee800000,0x00000000ee800000,0x00000000eea00000)
 ParOldGen       total 38400K, used 12283K [0x00000000c8c00000, 0x00000000cb180000, 0x00000000ed980000)
  object space 38400K, 31% used [0x00000000c8c00000,0x00000000c97fedd8,0x00000000cb180000)
 Metaspace       used 4643K, capacity 4990K, committed 5248K, reserved 1056768K
  class space    used 542K, capacity 561K, committed 640K, reserved 1048576K
}
Event: 4.981 GC heap before
{Heap before GC invocations=8 (full 3):
 PSYoungGen      total 16896K, used 0K [0x00000000ed980000, 0x00000000eec00000, 0x0000000100000000)
  eden space 14848K, 0% used [0x00000000ed980000,0x00000000ed980000,0x00000000ee800000)
  from space 2048K, 0% used [0x00000000eea00000,0x00000000eea00000,0x00000000eec00000)
  to   space 2048K, 0% used [0x00000000ee800000,0x00000000ee800000,0x00000000eea00000)
 ParOldGen       total 38400K, used 12283K [0x00000000c8c00000, 0x00000000cb180000, 0x00000000ed980000)
  object space 38400K, 31% used [0x00000000c8c00000,0x00000000c97fedd8,0x00000000cb180000)
 Metaspace       used 4643K, capacity 4990K, committed 5248K, reserved 1056768K
  class space    used 542K, capacity 561K, committed 640K, reserved 1048576K
Event: 4.981 GC heap after
Heap after GC invocations=8 (full 3):
 PSYoungGen      total 16896K, used 0K [0x00000000ed980000, 0x00000000eec00000, 0x0000000100000000)
  eden space 14848K, 0% used [0x00000000ed980000,0x00000000ed980000,0x00000000ee800000)
  from space 2048K, 0% used [0x00000000ee800000,0x00000000ee800000,0x00000000eea00000)
  to   space 2048K, 0% used [0x00000000eea00000,0x00000000eea00000,0x00000000eec00000)
 ParOldGen       total 38400K, used 12283K [0x00000000c8c00000, 0x00000000cb180000, 0x00000000ed980000)
  object space 38400K, 31% used [0x00000000c8c00000,0x00000000c97fedd8,0x00000000cb180000)
 Metaspace       used 4643K, capacity 4990K, committed 5248K, reserved 1056768K
  class space    used 542K, capacity 561K, committed 640K, reserved 1048576K
}
Event: 4.981 GC heap before
{Heap before GC invocations=9 (full 4):
 PSYoungGen      total 16896K, used 0K [0x00000000ed980000, 0x00000000eec00000, 0x0000000100000000)
  eden space 14848K, 0% used [0x00000000ed980000,0x00000000ed980000,0x00000000ee800000)
  from space 2048K, 0% used [0x00000000ee800000,0x00000000ee800000,0x00000000eea00000)
  to   space 2048K, 0% used [0x00000000eea00000,0x00000000eea00000,0x00000000eec00000)
 ParOldGen       total 38400K, used 12283K [0x00000000c8c00000, 0x00000000cb180000, 0x00000000ed980000)
  object space 38400K, 31% used [0x00000000c8c00000,0x00000000c97fedd8,0x00000000cb180000)
 Metaspace       used 4643K, capacity 4990K, committed 5248K, reserved 1056768K
  class space    used 542K, capacity 561K, committed 640K, reserved 1048576K
Event: 5.010 GC heap after
Heap after GC invocations=9 (full 4):
 PSYoungGen      total 16896K, used 0K [0x00000000ed980000, 0x00000000eec00000, 0x0000000100000000)
  eden space 14848K, 0% used [0x00000000ed980000,0x00000000ed980000,0x00000000ee800000)
  from space 2048K, 0% used [0x00000000ee800000,0x00000000ee800000,0x00000000eea00000)
  to   space 2048K, 0% used [0x00000000eea00000,0x00000000eea00000,0x00000000eec00000)
 ParOldGen       total 38400K, used 12283K [0x00000000c8c00000, 0x00000000cb180000, 0x00000000ed980000)
  object space 38400K, 31% used [0x00000000c8c00000,0x00000000c97fedd8,0x00000000cb180000)
 Metaspace       used 4643K, capacity 4990K, committed 5248K, reserved 1056768K
  class space    used 542K, capacity 561K, committed 640K, reserved 1048576K
}
Event: 5.011 GC heap before
{Heap before GC invocations=10 (full 4):
 PSYoungGen      total 16896K, used 0K [0x00000000ed980000, 0x00000000eec00000, 0x0000000100000000)
  eden space 14848K, 0% used [0x00000000ed980000,0x00000000ed980000,0x00000000ee800000)
  from space 2048K, 0% used [0x00000000ee800000,0x00000000ee800000,0x00000000eea00000)
  to   space 2048K, 0% used [0x00000000eea00000,0x00000000eea00000,0x00000000eec00000)
 ParOldGen       total 38400K, used 12283K [0x00000000c8c00000, 0x00000000cb180000, 0x00000000ed980000)
  object space 38400K, 31% used [0x00000000c8c00000,0x00000000c97fedd8,0x00000000cb180000)
 Metaspace       used 4643K, capacity 4990K, committed 5248K, reserved 1056768K
  class space    used 542K, capacity 561K, committed 640K, reserved 1048576K
Event: 5.011 GC heap after
Heap after GC invocations=10 (full 4):
 PSYoungGen      total 16896K, used 0K [0x00000000ed980000, 0x00000000eec00000, 0x0000000100000000)
  eden space 14848K, 0% used [0x00000000ed980000,0x00000000ed980000,0x00000000ee800000)
  from space 2048K, 0% used [0x00000000eea00000,0x00000000eea00000,0x00000000eec00000)
  to   space 2048K, 0% used [0x00000000ee800000,0x00000000ee800000,0x00000000eea00000)
 ParOldGen       total 38400K, used 12283K [0x00000000c8c00000, 0x00000000cb180000, 0x00000000ed980000)
  object space 38400K, 31% used [0x00000000c8c00000,0x00000000c97fedd8,0x00000000cb180000)
 Metaspace       used 4643K, capacity 4990K, committed 5248K, reserved 1056768K
  class space    used 542K, capacity 561K, committed 640K, reserved 1048576K
}
Event: 5.011 GC heap before
{Heap before GC invocations=11 (full 5):
 PSYoungGen      total 16896K, used 0K [0x00000000ed980000, 0x00000000eec00000, 0x0000000100000000)
  eden space 14848K, 0% used [0x00000000ed980000,0x00000000ed980000,0x00000000ee800000)
  from space 2048K, 0% used [0x00000000eea00000,0x00000000eea00000,0x00000000eec00000)
  to   space 2048K, 0% used [0x00000000ee800000,0x00000000ee800000,0x00000000eea00000)
 ParOldGen       total 38400K, used 12283K [0x00000000c8c00000, 0x00000000cb180000, 0x00000000ed980000)
  object space 38400K, 31% used [0x00000000c8c00000,0x00000000c97fedd8,0x00000000cb180000)
 Metaspace       used 4643K, capacity 4990K, committed 5248K, reserved 1056768K
  class space    used 542K, capacity 561K, committed 640K, reserved 1048576K
Event: 5.038 GC heap after
Heap after GC invocations=11 (full 5):
 PSYoungGen      total 16896K, used 0K [0x00000000ed980000, 0x00000000eec00000, 0x0000000100000000)
  eden space 14848K, 0% used [0x00000000ed980000,0x00000000ed980000,0x00000000ee800000)
  from space 2048K, 0% used [0x00000000eea00000,0x00000000eea00000,0x00000000eec00000)
  to   space 2048K, 0% used [0x00000000ee800000,0x00000000ee800000,0x00000000eea00000)
 ParOldGen       total 38400K, used 12283K [0x00000000c8c00000, 0x00000000cb180000, 0x00000000ed980000)
  object space 38400K, 31% used [0x00000000c8c00000,0x00000000c97fedd8,0x00000000cb180000)
 Metaspace       used 4643K, capacity 4990K, committed 5248K, reserved 1056768K
  class space    used 542K, capacity 561K, committed 640K, reserved 1048576K
}

